<?xml version="1.0" encoding="UTF-8"?>
<results version="2">
    <cppcheck version="2.17.1"/>
    <errors>
        <error id="missingInclude" severity="information" msg="Include file: &quot;ui.hpp&quot; not found." verbose="Include file: &quot;ui.hpp&quot; not found.">
            <location file="firmware\application\external\enhanced_drone_analyzer\enhanced_drone_analyzer_scanner_main.cpp" line="17" column="0"/>
        </error>
        <error id="missingIncludeSystem" severity="information" msg="Include file: &lt;vector&gt; not found. Please note: Cppcheck does not need standard library headers to get proper results." verbose="Include file: &lt;vector&gt; not found. Please note: Cppcheck does not need standard library headers to get proper results.">
            <location file="firmware\application\ui_navigation.hpp" line="28" column="0"/>
        </error>
        <error id="missingIncludeSystem" severity="information" msg="Include file: &lt;map&gt; not found. Please note: Cppcheck does not need standard library headers to get proper results." verbose="Include file: &lt;map&gt; not found. Please note: Cppcheck does not need standard library headers to get proper results.">
            <location file="firmware\application\ui_navigation.hpp" line="29" column="0"/>
        </error>
        <error id="missingIncludeSystem" severity="information" msg="Include file: &lt;utility&gt; not found. Please note: Cppcheck does not need standard library headers to get proper results." verbose="Include file: &lt;utility&gt; not found. Please note: Cppcheck does not need standard library headers to get proper results.">
            <location file="firmware\application\ui_navigation.hpp" line="30" column="0"/>
        </error>
        <error id="missingInclude" severity="information" msg="Include file: &quot;ui.hpp&quot; not found." verbose="Include file: &quot;ui.hpp&quot; not found.">
            <location file="firmware\application\ui_navigation.hpp" line="32" column="0"/>
        </error>
        <error id="missingIncludeSystem" severity="information" msg="Include file: &lt;cstdint&gt; not found. Please note: Cppcheck does not need standard library headers to get proper results." verbose="Include file: &lt;cstdint&gt; not found. Please note: Cppcheck does not need standard library headers to get proper results.">
            <location file="firmware\application\theme.hpp" line="24" column="0"/>
        </error>
        <error id="missingIncludeSystem" severity="information" msg="Include file: &lt;cstddef&gt; not found. Please note: Cppcheck does not need standard library headers to get proper results." verbose="Include file: &lt;cstddef&gt; not found. Please note: Cppcheck does not need standard library headers to get proper results.">
            <location file="firmware\application\theme.hpp" line="25" column="0"/>
        </error>
        <error id="missingIncludeSystem" severity="information" msg="Include file: &lt;memory&gt; not found. Please note: Cppcheck does not need standard library headers to get proper results." verbose="Include file: &lt;memory&gt; not found. Please note: Cppcheck does not need standard library headers to get proper results.">
            <location file="firmware\application\theme.hpp" line="26" column="0"/>
        </error>
        <error id="missingInclude" severity="information" msg="Include file: &quot;ui_painter.hpp&quot; not found." verbose="Include file: &quot;ui_painter.hpp&quot; not found.">
            <location file="firmware\application\theme.hpp" line="27" column="0"/>
        </error>
        <error id="missingInclude" severity="information" msg="Include file: &quot;ui_font_fixed_5x8.hpp&quot; not found." verbose="Include file: &quot;ui_font_fixed_5x8.hpp&quot; not found.">
            <location file="firmware\application\theme.hpp" line="28" column="0"/>
        </error>
        <error id="missingInclude" severity="information" msg="Include file: &quot;ui_font_fixed_8x16.hpp&quot; not found." verbose="Include file: &quot;ui_font_fixed_8x16.hpp&quot; not found.">
            <location file="firmware\application\theme.hpp" line="29" column="0"/>
        </error>
        <error id="missingInclude" severity="information" msg="Include file: &quot;ui_widget.hpp&quot; not found." verbose="Include file: &quot;ui_widget.hpp&quot; not found.">
            <location file="firmware\application\ui_navigation.hpp" line="35" column="0"/>
        </error>
        <error id="missingInclude" severity="information" msg="Include file: &quot;ui_focus.hpp&quot; not found." verbose="Include file: &quot;ui_focus.hpp&quot; not found.">
            <location file="firmware\application\ui_navigation.hpp" line="36" column="0"/>
        </error>
        <error id="missingInclude" severity="information" msg="Include file: &quot;ui_menu.hpp&quot; not found." verbose="Include file: &quot;ui_menu.hpp&quot; not found.">
            <location file="firmware\application\ui_navigation.hpp" line="37" column="0"/>
        </error>
        <error id="missingInclude" severity="information" msg="Include file: &quot;ui_btngrid.hpp&quot; not found." verbose="Include file: &quot;ui_btngrid.hpp&quot; not found.">
            <location file="firmware\application\ui_navigation.hpp" line="38" column="0"/>
        </error>
        <error id="missingInclude" severity="information" msg="Include file: &quot;ui_rssi.hpp&quot; not found." verbose="Include file: &quot;ui_rssi.hpp&quot; not found.">
            <location file="firmware\application\ui_navigation.hpp" line="40" column="0"/>
        </error>
        <error id="missingInclude" severity="information" msg="Include file: &quot;ui_channel.hpp&quot; not found." verbose="Include file: &quot;ui_channel.hpp&quot; not found.">
            <location file="firmware\application\ui_navigation.hpp" line="41" column="0"/>
        </error>
        <error id="missingInclude" severity="information" msg="Include file: &quot;ui_audio.hpp&quot; not found." verbose="Include file: &quot;ui_audio.hpp&quot; not found.">
            <location file="firmware\application\ui_navigation.hpp" line="42" column="0"/>
        </error>
        <error id="missingInclude" severity="information" msg="Include file: &quot;ui_widget.hpp&quot; not found." verbose="Include file: &quot;ui_widget.hpp&quot; not found.">
            <location file="firmware\application\ui_sd_card_status_view.hpp" line="27" column="0"/>
        </error>
        <error id="missingIncludeSystem" severity="information" msg="Include file: &lt;cstdint&gt; not found. Please note: Cppcheck does not need standard library headers to get proper results." verbose="Include file: &lt;cstdint&gt; not found. Please note: Cppcheck does not need standard library headers to get proper results.">
            <location file="firmware\application\sd_card.hpp" line="25" column="0"/>
        </error>
        <error id="missingInclude" severity="information" msg="Include file: &quot;ff.h&quot; not found." verbose="Include file: &quot;ff.h&quot; not found.">
            <location file="firmware\application\sd_card.hpp" line="27" column="0"/>
        </error>
        <error id="missingIncludeSystem" severity="information" msg="Include file: &lt;cstdint&gt; not found. Please note: Cppcheck does not need standard library headers to get proper results." verbose="Include file: &lt;cstdint&gt; not found. Please note: Cppcheck does not need standard library headers to get proper results.">
            <location file="firmware\application\signal.hpp" line="25" column="0"/>
        </error>
        <error id="missingIncludeSystem" severity="information" msg="Include file: &lt;list&gt; not found. Please note: Cppcheck does not need standard library headers to get proper results." verbose="Include file: &lt;list&gt; not found. Please note: Cppcheck does not need standard library headers to get proper results.">
            <location file="firmware\application\signal.hpp" line="26" column="0"/>
        </error>
        <error id="missingIncludeSystem" severity="information" msg="Include file: &lt;functional&gt; not found. Please note: Cppcheck does not need standard library headers to get proper results." verbose="Include file: &lt;functional&gt; not found. Please note: Cppcheck does not need standard library headers to get proper results.">
            <location file="firmware\application\signal.hpp" line="27" column="0"/>
        </error>
        <error id="missingIncludeSystem" severity="information" msg="Include file: &lt;memory&gt; not found. Please note: Cppcheck does not need standard library headers to get proper results." verbose="Include file: &lt;memory&gt; not found. Please note: Cppcheck does not need standard library headers to get proper results.">
            <location file="firmware\application\signal.hpp" line="28" column="0"/>
        </error>
        <error id="missingInclude" severity="information" msg="Include file: &quot;utility.hpp&quot; not found." verbose="Include file: &quot;utility.hpp&quot; not found.">
            <location file="firmware\application\signal.hpp" line="30" column="0"/>
        </error>
        <error id="missingInclude" severity="information" msg="Include file: &quot;ui_dfu_menu.hpp&quot; not found." verbose="Include file: &quot;ui_dfu_menu.hpp&quot; not found.">
            <location file="firmware\application\ui_navigation.hpp" line="44" column="0"/>
        </error>
        <error id="missingInclude" severity="information" msg="Include file: &quot;ui.hpp&quot; not found." verbose="Include file: &quot;ui.hpp&quot; not found.">
            <location file="firmware\application\bitmap.hpp" line="28" column="0"/>
        </error>
        <error id="missingInclude" severity="information" msg="Include file: &quot;ui_bmpview.hpp&quot; not found." verbose="Include file: &quot;ui_bmpview.hpp&quot; not found.">
            <location file="firmware\application\ui_navigation.hpp" line="47" column="0"/>
        </error>
        <error id="missingInclude" severity="information" msg="Include file: &quot;ff.h&quot; not found." verbose="Include file: &quot;ff.h&quot; not found.">
            <location file="firmware\application\ui_navigation.hpp" line="48" column="0"/>
        </error>
        <error id="missingInclude" severity="information" msg="Include file: &quot;diskio.h&quot; not found." verbose="Include file: &quot;diskio.h&quot; not found.">
            <location file="firmware\application\ui_navigation.hpp" line="49" column="0"/>
        </error>
        <error id="missingInclude" severity="information" msg="Include file: &quot;lfsr_random.hpp&quot; not found." verbose="Include file: &quot;lfsr_random.hpp&quot; not found.">
            <location file="firmware\application\ui_navigation.hpp" line="50" column="0"/>
        </error>
        <error id="missingInclude" severity="information" msg="Include file: &quot;external_app.hpp&quot; not found." verbose="Include file: &quot;external_app.hpp&quot; not found.">
            <location file="firmware\application\ui_navigation.hpp" line="52" column="0"/>
        </error>
        <error id="missingIncludeSystem" severity="information" msg="Include file: &lt;memory&gt; not found. Please note: Cppcheck does not need standard library headers to get proper results." verbose="Include file: &lt;memory&gt; not found. Please note: Cppcheck does not need standard library headers to get proper results.">
            <location file="firmware\application\view_factory_base.hpp" line="25" column="0"/>
        </error>
        <error id="missingInclude" severity="information" msg="Include file: &quot;ui_widget.hpp&quot; not found." verbose="Include file: &quot;ui_widget.hpp&quot; not found.">
            <location file="firmware\application\view_factory_base.hpp" line="26" column="0"/>
        </error>
        <error id="missingInclude" severity="information" msg="Include file: &quot;battery.hpp&quot; not found." verbose="Include file: &quot;battery.hpp&quot; not found.">
            <location file="firmware\application\ui_navigation.hpp" line="54" column="0"/>
        </error>
        <error id="missingInclude" severity="information" msg="Include file: &quot;external_app.hpp&quot; not found." verbose="Include file: &quot;external_app.hpp&quot; not found.">
            <location file="firmware\application\external\enhanced_drone_analyzer\enhanced_drone_analyzer_scanner_main.cpp" line="19" column="0"/>
        </error>
        <error id="missingIncludeSystem" severity="information" msg="Include file: &lt;cstdint&gt; not found. Please note: Cppcheck does not need standard library headers to get proper results." verbose="Include file: &lt;cstdint&gt; not found. Please note: Cppcheck does not need standard library headers to get proper results.">
            <location file="firmware\application\external\enhanced_drone_analyzer\ui_scanner_combined.hpp" line="12" column="0"/>
        </error>
        <error id="missingIncludeSystem" severity="information" msg="Include file: &lt;string&gt; not found. Please note: Cppcheck does not need standard library headers to get proper results." verbose="Include file: &lt;string&gt; not found. Please note: Cppcheck does not need standard library headers to get proper results.">
            <location file="firmware\application\external\enhanced_drone_analyzer\ui_scanner_combined.hpp" line="13" column="0"/>
        </error>
        <error id="missingIncludeSystem" severity="information" msg="Include file: &lt;vector&gt; not found. Please note: Cppcheck does not need standard library headers to get proper results." verbose="Include file: &lt;vector&gt; not found. Please note: Cppcheck does not need standard library headers to get proper results.">
            <location file="firmware\application\external\enhanced_drone_analyzer\ui_scanner_combined.hpp" line="14" column="0"/>
        </error>
        <error id="missingInclude" severity="information" msg="Include file: &quot;ff.h&quot; not found." verbose="Include file: &quot;ff.h&quot; not found.">
            <location file="firmware\application\file.hpp" line="26" column="0"/>
        </error>
        <error id="missingInclude" severity="information" msg="Include file: &quot;optional.hpp&quot; not found." verbose="Include file: &quot;optional.hpp&quot; not found.">
            <location file="firmware\application\file.hpp" line="28" column="0"/>
        </error>
        <error id="missingInclude" severity="information" msg="Include file: &quot;result.hpp&quot; not found." verbose="Include file: &quot;result.hpp&quot; not found.">
            <location file="firmware\application\file.hpp" line="29" column="0"/>
        </error>
        <error id="missingIncludeSystem" severity="information" msg="Include file: &lt;cstddef&gt; not found. Please note: Cppcheck does not need standard library headers to get proper results." verbose="Include file: &lt;cstddef&gt; not found. Please note: Cppcheck does not need standard library headers to get proper results.">
            <location file="firmware\application\file.hpp" line="31" column="0"/>
        </error>
        <error id="missingIncludeSystem" severity="information" msg="Include file: &lt;cstdint&gt; not found. Please note: Cppcheck does not need standard library headers to get proper results." verbose="Include file: &lt;cstdint&gt; not found. Please note: Cppcheck does not need standard library headers to get proper results.">
            <location file="firmware\application\file.hpp" line="32" column="0"/>
        </error>
        <error id="missingIncludeSystem" severity="information" msg="Include file: &lt;string&gt; not found. Please note: Cppcheck does not need standard library headers to get proper results." verbose="Include file: &lt;string&gt; not found. Please note: Cppcheck does not need standard library headers to get proper results.">
            <location file="firmware\application\file.hpp" line="33" column="0"/>
        </error>
        <error id="missingIncludeSystem" severity="information" msg="Include file: &lt;array&gt; not found. Please note: Cppcheck does not need standard library headers to get proper results." verbose="Include file: &lt;array&gt; not found. Please note: Cppcheck does not need standard library headers to get proper results.">
            <location file="firmware\application\file.hpp" line="34" column="0"/>
        </error>
        <error id="missingIncludeSystem" severity="information" msg="Include file: &lt;memory&gt; not found. Please note: Cppcheck does not need standard library headers to get proper results." verbose="Include file: &lt;memory&gt; not found. Please note: Cppcheck does not need standard library headers to get proper results.">
            <location file="firmware\application\file.hpp" line="35" column="0"/>
        </error>
        <error id="missingIncludeSystem" severity="information" msg="Include file: &lt;iterator&gt; not found. Please note: Cppcheck does not need standard library headers to get proper results." verbose="Include file: &lt;iterator&gt; not found. Please note: Cppcheck does not need standard library headers to get proper results.">
            <location file="firmware\application\file.hpp" line="36" column="0"/>
        </error>
        <error id="missingIncludeSystem" severity="information" msg="Include file: &lt;vector&gt; not found. Please note: Cppcheck does not need standard library headers to get proper results." verbose="Include file: &lt;vector&gt; not found. Please note: Cppcheck does not need standard library headers to get proper results.">
            <location file="firmware\application\file.hpp" line="37" column="0"/>
        </error>
        <error id="missingInclude" severity="information" msg="Include file: &quot;circular_buffer.hpp&quot; not found." verbose="Include file: &quot;circular_buffer.hpp&quot; not found.">
            <location file="firmware\application\file_wrapper.hpp" line="25" column="0"/>
        </error>
        <error id="missingInclude" severity="information" msg="Include file: &quot;optional.hpp&quot; not found." verbose="Include file: &quot;optional.hpp&quot; not found.">
            <location file="firmware\application\file_wrapper.hpp" line="27" column="0"/>
        </error>
        <error id="missingIncludeSystem" severity="information" msg="Include file: &lt;functional&gt; not found. Please note: Cppcheck does not need standard library headers to get proper results." verbose="Include file: &lt;functional&gt; not found. Please note: Cppcheck does not need standard library headers to get proper results.">
            <location file="firmware\application\file_wrapper.hpp" line="29" column="0"/>
        </error>
        <error id="missingIncludeSystem" severity="information" msg="Include file: &lt;memory&gt; not found. Please note: Cppcheck does not need standard library headers to get proper results." verbose="Include file: &lt;memory&gt; not found. Please note: Cppcheck does not need standard library headers to get proper results.">
            <location file="firmware\application\file_wrapper.hpp" line="30" column="0"/>
        </error>
        <error id="missingIncludeSystem" severity="information" msg="Include file: &lt;string_view&gt; not found. Please note: Cppcheck does not need standard library headers to get proper results." verbose="Include file: &lt;string_view&gt; not found. Please note: Cppcheck does not need standard library headers to get proper results.">
            <location file="firmware\application\file_wrapper.hpp" line="31" column="0"/>
        </error>
        <error id="missingInclude" severity="information" msg="Include file: &quot;utility.hpp&quot; not found." verbose="Include file: &quot;utility.hpp&quot; not found.">
            <location file="firmware\application\freqman_db.hpp" line="30" column="0"/>
        </error>
        <error id="missingIncludeSystem" severity="information" msg="Include file: &lt;array&gt; not found. Please note: Cppcheck does not need standard library headers to get proper results." verbose="Include file: &lt;array&gt; not found. Please note: Cppcheck does not need standard library headers to get proper results.">
            <location file="firmware\application\freqman_db.hpp" line="32" column="0"/>
        </error>
        <error id="missingIncludeSystem" severity="information" msg="Include file: &lt;memory&gt; not found. Please note: Cppcheck does not need standard library headers to get proper results." verbose="Include file: &lt;memory&gt; not found. Please note: Cppcheck does not need standard library headers to get proper results.">
            <location file="firmware\application\freqman_db.hpp" line="33" column="0"/>
        </error>
        <error id="missingIncludeSystem" severity="information" msg="Include file: &lt;string&gt; not found. Please note: Cppcheck does not need standard library headers to get proper results." verbose="Include file: &lt;string&gt; not found. Please note: Cppcheck does not need standard library headers to get proper results.">
            <location file="firmware\application\freqman_db.hpp" line="34" column="0"/>
        </error>
        <error id="missingIncludeSystem" severity="information" msg="Include file: &lt;string_view&gt; not found. Please note: Cppcheck does not need standard library headers to get proper results." verbose="Include file: &lt;string_view&gt; not found. Please note: Cppcheck does not need standard library headers to get proper results.">
            <location file="firmware\application\freqman_db.hpp" line="35" column="0"/>
        </error>
        <error id="missingIncludeSystem" severity="information" msg="Include file: &lt;vector&gt; not found. Please note: Cppcheck does not need standard library headers to get proper results." verbose="Include file: &lt;vector&gt; not found. Please note: Cppcheck does not need standard library headers to get proper results.">
            <location file="firmware\application\freqman_db.hpp" line="36" column="0"/>
        </error>
        <error id="missingIncludeSystem" severity="information" msg="Include file: &lt;ch.h&gt; not found. Please note: Cppcheck does not need standard library headers to get proper results." verbose="Include file: &lt;ch.h&gt; not found. Please note: Cppcheck does not need standard library headers to get proper results.">
            <location file="firmware\application\external\enhanced_drone_analyzer\ui_scanner_combined.hpp" line="210" column="0"/>
        </error>
        <error id="missingIncludeSystem" severity="information" msg="Include file: &lt;vector&gt; not found. Please note: Cppcheck does not need standard library headers to get proper results." verbose="Include file: &lt;vector&gt; not found. Please note: Cppcheck does not need standard library headers to get proper results.">
            <location file="firmware\application\external\enhanced_drone_analyzer\ui_scanner_combined.hpp" line="211" column="0"/>
        </error>
        <error id="missingIncludeSystem" severity="information" msg="Include file: &lt;array&gt; not found. Please note: Cppcheck does not need standard library headers to get proper results." verbose="Include file: &lt;array&gt; not found. Please note: Cppcheck does not need standard library headers to get proper results.">
            <location file="firmware\application\external\enhanced_drone_analyzer\ui_scanner_combined.hpp" line="212" column="0"/>
        </error>
        <error id="missingIncludeSystem" severity="information" msg="Include file: &lt;type_traits&gt; not found. Please note: Cppcheck does not need standard library headers to get proper results." verbose="Include file: &lt;type_traits&gt; not found. Please note: Cppcheck does not need standard library headers to get proper results.">
            <location file="firmware\application\radio_state.hpp" line="25" column="0"/>
        </error>
        <error id="missingIncludeSystem" severity="information" msg="Include file: &lt;utility&gt; not found. Please note: Cppcheck does not need standard library headers to get proper results." verbose="Include file: &lt;utility&gt; not found. Please note: Cppcheck does not need standard library headers to get proper results.">
            <location file="firmware\application\radio_state.hpp" line="26" column="0"/>
        </error>
        <error id="missingInclude" severity="information" msg="Include file: &quot;portapack_io.hpp&quot; not found." verbose="Include file: &quot;portapack_io.hpp&quot; not found.">
            <location file="firmware\application\portapack.hpp" line="25" column="0"/>
        </error>
        <error id="missingIncludeSystem" severity="information" msg="Include file: &lt;cstdint&gt; not found. Please note: Cppcheck does not need standard library headers to get proper results." verbose="Include file: &lt;cstdint&gt; not found. Please note: Cppcheck does not need standard library headers to get proper results.">
            <location file="firmware\application\receiver_model.hpp" line="26" column="0"/>
        </error>
        <error id="missingIncludeSystem" severity="information" msg="Include file: &lt;cstddef&gt; not found. Please note: Cppcheck does not need standard library headers to get proper results." verbose="Include file: &lt;cstddef&gt; not found. Please note: Cppcheck does not need standard library headers to get proper results.">
            <location file="firmware\application\receiver_model.hpp" line="27" column="0"/>
        </error>
        <error id="missingIncludeSystem" severity="information" msg="Include file: &lt;cstddef&gt; not found. Please note: Cppcheck does not need standard library headers to get proper results." verbose="Include file: &lt;cstddef&gt; not found. Please note: Cppcheck does not need standard library headers to get proper results.">
            <location file="firmware\application\app_settings.hpp" line="28" column="0"/>
        </error>
        <error id="missingIncludeSystem" severity="information" msg="Include file: &lt;cstdint&gt; not found. Please note: Cppcheck does not need standard library headers to get proper results." verbose="Include file: &lt;cstdint&gt; not found. Please note: Cppcheck does not need standard library headers to get proper results.">
            <location file="firmware\application\app_settings.hpp" line="29" column="0"/>
        </error>
        <error id="missingIncludeSystem" severity="information" msg="Include file: &lt;string&gt; not found. Please note: Cppcheck does not need standard library headers to get proper results." verbose="Include file: &lt;string&gt; not found. Please note: Cppcheck does not need standard library headers to get proper results.">
            <location file="firmware\application\app_settings.hpp" line="30" column="0"/>
        </error>
        <error id="missingIncludeSystem" severity="information" msg="Include file: &lt;string_view&gt; not found. Please note: Cppcheck does not need standard library headers to get proper results." verbose="Include file: &lt;string_view&gt; not found. Please note: Cppcheck does not need standard library headers to get proper results.">
            <location file="firmware\application\app_settings.hpp" line="31" column="0"/>
        </error>
        <error id="missingIncludeSystem" severity="information" msg="Include file: &lt;utility&gt; not found. Please note: Cppcheck does not need standard library headers to get proper results." verbose="Include file: &lt;utility&gt; not found. Please note: Cppcheck does not need standard library headers to get proper results.">
            <location file="firmware\application\app_settings.hpp" line="32" column="0"/>
        </error>
        <error id="missingIncludeSystem" severity="information" msg="Include file: &lt;variant&gt; not found. Please note: Cppcheck does not need standard library headers to get proper results." verbose="Include file: &lt;variant&gt; not found. Please note: Cppcheck does not need standard library headers to get proper results.">
            <location file="firmware\application\app_settings.hpp" line="33" column="0"/>
        </error>
        <error id="missingInclude" severity="information" msg="Include file: &quot;max283x.hpp&quot; not found." verbose="Include file: &quot;max283x.hpp&quot; not found.">
            <location file="firmware\application\app_settings.hpp" line="36" column="0"/>
        </error>
        <error id="missingIncludeSystem" severity="information" msg="Include file: &lt;cstdint&gt; not found. Please note: Cppcheck does not need standard library headers to get proper results." verbose="Include file: &lt;cstdint&gt; not found. Please note: Cppcheck does not need standard library headers to get proper results.">
            <location file="firmware\application\string_format.hpp" line="25" column="0"/>
        </error>
        <error id="missingIncludeSystem" severity="information" msg="Include file: &lt;array&gt; not found. Please note: Cppcheck does not need standard library headers to get proper results." verbose="Include file: &lt;array&gt; not found. Please note: Cppcheck does not need standard library headers to get proper results.">
            <location file="firmware\application\string_format.hpp" line="26" column="0"/>
        </error>
        <error id="missingIncludeSystem" severity="information" msg="Include file: &lt;string&gt; not found. Please note: Cppcheck does not need standard library headers to get proper results." verbose="Include file: &lt;string&gt; not found. Please note: Cppcheck does not need standard library headers to get proper results.">
            <location file="firmware\application\string_format.hpp" line="27" column="0"/>
        </error>
        <error id="missingIncludeSystem" severity="information" msg="Include file: &lt;string_view&gt; not found. Please note: Cppcheck does not need standard library headers to get proper results." verbose="Include file: &lt;string_view&gt; not found. Please note: Cppcheck does not need standard library headers to get proper results.">
            <location file="firmware\application\string_format.hpp" line="28" column="0"/>
        </error>
        <error id="missingInclude" severity="information" msg="Include file: &quot;lpc43xx_cpp.hpp&quot; not found." verbose="Include file: &quot;lpc43xx_cpp.hpp&quot; not found.">
            <location file="firmware\application\string_format.hpp" line="33" column="0"/>
        </error>
        <error id="missingInclude" severity="information" msg="Include file: &quot;max283x.hpp&quot; not found." verbose="Include file: &quot;max283x.hpp&quot; not found.">
            <location file="firmware\application\receiver_model.hpp" line="30" column="0"/>
        </error>
        <error id="missingInclude" severity="information" msg="Include file: &quot;message.hpp&quot; not found." verbose="Include file: &quot;message.hpp&quot; not found.">
            <location file="firmware\application\receiver_model.hpp" line="31" column="0"/>
        </error>
        <error id="missingInclude" severity="information" msg="Include file: &quot;utility.hpp&quot; not found." verbose="Include file: &quot;utility.hpp&quot; not found.">
            <location file="firmware\application\rf_path.hpp" line="25" column="0"/>
        </error>
        <error id="missingIncludeSystem" severity="information" msg="Include file: &lt;cstdint&gt; not found. Please note: Cppcheck does not need standard library headers to get proper results." verbose="Include file: &lt;cstdint&gt; not found. Please note: Cppcheck does not need standard library headers to get proper results.">
            <location file="firmware\application\rf_path.hpp" line="27" column="0"/>
        </error>
        <error id="missingInclude" severity="information" msg="Include file: &quot;volume.hpp&quot; not found." verbose="Include file: &quot;volume.hpp&quot; not found.">
            <location file="firmware\application\receiver_model.hpp" line="33" column="0"/>
        </error>
        <error id="missingIncludeSystem" severity="information" msg="Include file: &lt;cstdint&gt; not found. Please note: Cppcheck does not need standard library headers to get proper results." verbose="Include file: &lt;cstdint&gt; not found. Please note: Cppcheck does not need standard library headers to get proper results.">
            <location file="firmware\application\transmitter_model.hpp" line="27" column="0"/>
        </error>
        <error id="missingIncludeSystem" severity="information" msg="Include file: &lt;cstddef&gt; not found. Please note: Cppcheck does not need standard library headers to get proper results." verbose="Include file: &lt;cstddef&gt; not found. Please note: Cppcheck does not need standard library headers to get proper results.">
            <location file="firmware\application\transmitter_model.hpp" line="28" column="0"/>
        </error>
        <error id="missingInclude" severity="information" msg="Include file: &quot;max2837.hpp&quot; not found." verbose="Include file: &quot;max2837.hpp&quot; not found.">
            <location file="firmware\application\transmitter_model.hpp" line="31" column="0"/>
        </error>
        <error id="missingInclude" severity="information" msg="Include file: &quot;message.hpp&quot; not found." verbose="Include file: &quot;message.hpp&quot; not found.">
            <location file="firmware\application\transmitter_model.hpp" line="32" column="0"/>
        </error>
        <error id="missingInclude" severity="information" msg="Include file: &quot;i2c_pp.hpp&quot; not found." verbose="Include file: &quot;i2c_pp.hpp&quot; not found.">
            <location file="firmware\application\portapack.hpp" line="30" column="0"/>
        </error>
        <error id="missingInclude" severity="information" msg="Include file: &quot;spi_pp.hpp&quot; not found." verbose="Include file: &quot;spi_pp.hpp&quot; not found.">
            <location file="firmware\application\portapack.hpp" line="31" column="0"/>
        </error>
        <error id="missingInclude" severity="information" msg="Include file: &quot;si5351.hpp&quot; not found." verbose="Include file: &quot;si5351.hpp&quot; not found.">
            <location file="firmware\application\portapack.hpp" line="32" column="0"/>
        </error>
        <error id="missingInclude" severity="information" msg="Include file: &quot;lcd_ili9341.hpp&quot; not found." verbose="Include file: &quot;lcd_ili9341.hpp&quot; not found.">
            <location file="firmware\application\portapack.hpp" line="33" column="0"/>
        </error>
        <error id="missingInclude" severity="information" msg="Include file: &quot;backlight.hpp&quot; not found." verbose="Include file: &quot;backlight.hpp&quot; not found.">
            <location file="firmware\application\portapack.hpp" line="34" column="0"/>
        </error>
        <error id="missingInclude" severity="information" msg="Include file: &quot;ch.h&quot; not found." verbose="Include file: &quot;ch.h&quot; not found.">
            <location file="firmware\application\usb_serial.hpp" line="25" column="0"/>
        </error>
        <error id="missingInclude" severity="information" msg="Include file: &quot;hal.h&quot; not found." verbose="Include file: &quot;hal.h&quot; not found.">
            <location file="firmware\application\usb_serial.hpp" line="26" column="0"/>
        </error>
        <error id="missingIncludeSystem" severity="information" msg="Include file: &lt;cstdint&gt; not found. Please note: Cppcheck does not need standard library headers to get proper results." verbose="Include file: &lt;cstdint&gt; not found. Please note: Cppcheck does not need standard library headers to get proper results.">
            <location file="firmware\application\radio.hpp" line="27" column="0"/>
        </error>
        <error id="missingIncludeSystem" severity="information" msg="Include file: &lt;cstddef&gt; not found. Please note: Cppcheck does not need standard library headers to get proper results." verbose="Include file: &lt;cstddef&gt; not found. Please note: Cppcheck does not need standard library headers to get proper results.">
            <location file="firmware\application\radio.hpp" line="28" column="0"/>
        </error>
        <error id="missingInclude" severity="information" msg="Include file: &quot;ch.h&quot; not found." verbose="Include file: &quot;ch.h&quot; not found.">
            <location file="firmware\application\clock_manager.hpp" line="26" column="0"/>
        </error>
        <error id="missingInclude" severity="information" msg="Include file: &quot;hal.h&quot; not found." verbose="Include file: &quot;hal.h&quot; not found.">
            <location file="firmware\application\clock_manager.hpp" line="27" column="0"/>
        </error>
        <error id="missingInclude" severity="information" msg="Include file: &quot;i2c_pp.hpp&quot; not found." verbose="Include file: &quot;i2c_pp.hpp&quot; not found.">
            <location file="firmware\application\clock_manager.hpp" line="29" column="0"/>
        </error>
        <error id="missingInclude" severity="information" msg="Include file: &quot;si5351.hpp&quot; not found." verbose="Include file: &quot;si5351.hpp&quot; not found.">
            <location file="firmware\application\clock_manager.hpp" line="30" column="0"/>
        </error>
        <error id="missingInclude" severity="information" msg="Include file: &quot;lpc43xx_cpp.hpp&quot; not found." verbose="Include file: &quot;lpc43xx_cpp.hpp&quot; not found.">
            <location file="firmware\application\clock_manager.hpp" line="32" column="0"/>
        </error>
        <error id="missingIncludeSystem" severity="information" msg="Include file: &lt;cstddef&gt; not found. Please note: Cppcheck does not need standard library headers to get proper results." verbose="Include file: &lt;cstddef&gt; not found. Please note: Cppcheck does not need standard library headers to get proper results.">
            <location file="firmware\application\temperature_logger.hpp" line="25" column="0"/>
        </error>
        <error id="missingIncludeSystem" severity="information" msg="Include file: &lt;cstdint&gt; not found. Please note: Cppcheck does not need standard library headers to get proper results." verbose="Include file: &lt;cstdint&gt; not found. Please note: Cppcheck does not need standard library headers to get proper results.">
            <location file="firmware\application\temperature_logger.hpp" line="26" column="0"/>
        </error>
        <error id="missingIncludeSystem" severity="information" msg="Include file: &lt;array&gt; not found. Please note: Cppcheck does not need standard library headers to get proper results." verbose="Include file: &lt;array&gt; not found. Please note: Cppcheck does not need standard library headers to get proper results.">
            <location file="firmware\application\temperature_logger.hpp" line="27" column="0"/>
        </error>
        <error id="missingIncludeSystem" severity="information" msg="Include file: &lt;vector&gt; not found. Please note: Cppcheck does not need standard library headers to get proper results." verbose="Include file: &lt;vector&gt; not found. Please note: Cppcheck does not need standard library headers to get proper results.">
            <location file="firmware\application\temperature_logger.hpp" line="28" column="0"/>
        </error>
        <error id="missingInclude" severity="information" msg="Include file: &quot;message.hpp&quot; not found." verbose="Include file: &quot;message.hpp&quot; not found.">
            <location file="firmware\application\baseband_api.hpp" line="26" column="0"/>
        </error>
        <error id="missingInclude" severity="information" msg="Include file: &quot;pocsag_packet.hpp&quot; not found." verbose="Include file: &quot;pocsag_packet.hpp&quot; not found.">
            <location file="firmware\application\baseband_api.hpp" line="27" column="0"/>
        </error>
        <error id="missingInclude" severity="information" msg="Include file: &quot;jammer.hpp&quot; not found." verbose="Include file: &quot;jammer.hpp&quot; not found.">
            <location file="firmware\application\baseband_api.hpp" line="28" column="0"/>
        </error>
        <error id="missingInclude" severity="information" msg="Include file: &quot;dsp_fir_taps.hpp&quot; not found." verbose="Include file: &quot;dsp_fir_taps.hpp&quot; not found.">
            <location file="firmware\application\baseband_api.hpp" line="30" column="0"/>
        </error>
        <error id="missingInclude" severity="information" msg="Include file: &quot;spi_image.hpp&quot; not found." verbose="Include file: &quot;spi_image.hpp&quot; not found.">
            <location file="firmware\application\baseband_api.hpp" line="32" column="0"/>
        </error>
        <error id="missingIncludeSystem" severity="information" msg="Include file: &lt;cstddef&gt; not found. Please note: Cppcheck does not need standard library headers to get proper results." verbose="Include file: &lt;cstddef&gt; not found. Please note: Cppcheck does not need standard library headers to get proper results.">
            <location file="firmware\application\baseband_api.hpp" line="34" column="0"/>
        </error>
        <error id="missingInclude" severity="information" msg="Include file: &quot;message.hpp&quot; not found." verbose="Include file: &quot;message.hpp&quot; not found.">
            <location file="firmware\application\external\enhanced_drone_analyzer\ui_scanner_combined.hpp" line="356" column="0"/>
        </error>
        <error id="missingIncludeSystem" severity="information" msg="Include file: &lt;cstdint&gt; not found. Please note: Cppcheck does not need standard library headers to get proper results." verbose="Include file: &lt;cstdint&gt; not found. Please note: Cppcheck does not need standard library headers to get proper results.">
            <location file="firmware\application\irq_controls.hpp" line="26" column="0"/>
        </error>
        <error id="missingIncludeSystem" severity="information" msg="Include file: &lt;bitset&gt; not found. Please note: Cppcheck does not need standard library headers to get proper results." verbose="Include file: &lt;bitset&gt; not found. Please note: Cppcheck does not need standard library headers to get proper results.">
            <location file="firmware\application\irq_controls.hpp" line="27" column="0"/>
        </error>
        <error id="missingIncludeSystem" severity="information" msg="Include file: &lt;cstdint&gt; not found. Please note: Cppcheck does not need standard library headers to get proper results." verbose="Include file: &lt;cstdint&gt; not found. Please note: Cppcheck does not need standard library headers to get proper results.">
            <location file="firmware\application\touch.hpp" line="25" column="0"/>
        </error>
        <error id="missingIncludeSystem" severity="information" msg="Include file: &lt;cstddef&gt; not found. Please note: Cppcheck does not need standard library headers to get proper results." verbose="Include file: &lt;cstddef&gt; not found. Please note: Cppcheck does not need standard library headers to get proper results.">
            <location file="firmware\application\touch.hpp" line="26" column="0"/>
        </error>
        <error id="missingIncludeSystem" severity="information" msg="Include file: &lt;algorithm&gt; not found. Please note: Cppcheck does not need standard library headers to get proper results." verbose="Include file: &lt;algorithm&gt; not found. Please note: Cppcheck does not need standard library headers to get proper results.">
            <location file="firmware\application\touch.hpp" line="28" column="0"/>
        </error>
        <error id="missingIncludeSystem" severity="information" msg="Include file: &lt;array&gt; not found. Please note: Cppcheck does not need standard library headers to get proper results." verbose="Include file: &lt;array&gt; not found. Please note: Cppcheck does not need standard library headers to get proper results.">
            <location file="firmware\application\touch.hpp" line="29" column="0"/>
        </error>
        <error id="missingIncludeSystem" severity="information" msg="Include file: &lt;functional&gt; not found. Please note: Cppcheck does not need standard library headers to get proper results." verbose="Include file: &lt;functional&gt; not found. Please note: Cppcheck does not need standard library headers to get proper results.">
            <location file="firmware\application\touch.hpp" line="30" column="0"/>
        </error>
        <error id="missingInclude" severity="information" msg="Include file: &quot;debounce.hpp&quot; not found." verbose="Include file: &quot;debounce.hpp&quot; not found.">
            <location file="firmware\application\touch.hpp" line="32" column="0"/>
        </error>
        <error id="missingInclude" severity="information" msg="Include file: &quot;ui.hpp&quot; not found." verbose="Include file: &quot;ui.hpp&quot; not found.">
            <location file="firmware\application\touch.hpp" line="33" column="0"/>
        </error>
        <error id="missingInclude" severity="information" msg="Include file: &quot;ui.hpp&quot; not found." verbose="Include file: &quot;ui.hpp&quot; not found.">
            <location file="firmware\application\external\enhanced_drone_analyzer\ui_scanner_combined.hpp" line="411" column="0"/>
        </error>
        <error id="missingIncludeSystem" severity="information" msg="Include file: &lt;memory&gt; not found. Please note: Cppcheck does not need standard library headers to get proper results." verbose="Include file: &lt;memory&gt; not found. Please note: Cppcheck does not need standard library headers to get proper results.">
            <location file="firmware\application\external\enhanced_drone_analyzer\ui_scanner_combined.hpp" line="415" column="0"/>
        </error>
        <error id="noExplicitConstructor" severity="style" msg="Class &apos;SDCardStatusView&apos; has a constructor with 1 argument that is not explicit." verbose="Class &apos;SDCardStatusView&apos; has a constructor with 1 argument that is not explicit. Such, so called &quot;Converting constructors&quot;, should in general be explicit for type safety reasons as that prevents unintended implicit conversions." cwe="398" file0="firmware/application/external/enhanced_drone_analyzer/enhanced_drone_analyzer_scanner_main.cpp">
            <location file="firmware\application\ui_sd_card_status_view.hpp" line="34" column="5"/>
            <symbol>SDCardStatusView</symbol>
        </error>
        <error id="noExplicitConstructor" severity="style" msg="Class &apos;StatusTray&apos; has a constructor with 1 argument that is not explicit." verbose="Class &apos;StatusTray&apos; has a constructor with 1 argument that is not explicit. Such, so called &quot;Converting constructors&quot;, should in general be explicit for type safety reasons as that prevents unintended implicit conversions." cwe="398" file0="firmware/application/external/enhanced_drone_analyzer/enhanced_drone_analyzer_scanner_main.cpp">
            <location file="firmware\application\ui_navigation.hpp" line="170" column="5"/>
            <symbol>StatusTray</symbol>
        </error>
        <error id="noExplicitConstructor" severity="style" msg="Class &apos;SystemStatusView&apos; has a constructor with 1 argument that is not explicit." verbose="Class &apos;SystemStatusView&apos; has a constructor with 1 argument that is not explicit. Such, so called &quot;Converting constructors&quot;, should in general be explicit for type safety reasons as that prevents unintended implicit conversions." cwe="398" file0="firmware/application/external/enhanced_drone_analyzer/enhanced_drone_analyzer_scanner_main.cpp">
            <location file="firmware\application\ui_navigation.hpp" line="194" column="5"/>
            <symbol>SystemStatusView</symbol>
        </error>
        <error id="noExplicitConstructor" severity="style" msg="Class &apos;InformationView&apos; has a constructor with 1 argument that is not explicit." verbose="Class &apos;InformationView&apos; has a constructor with 1 argument that is not explicit. Such, so called &quot;Converting constructors&quot;, should in general be explicit for type safety reasons as that prevents unintended implicit conversions." cwe="398" file0="firmware/application/external/enhanced_drone_analyzer/enhanced_drone_analyzer_scanner_main.cpp">
            <location file="firmware\application\ui_navigation.hpp" line="327" column="5"/>
            <symbol>InformationView</symbol>
        </error>
        <error id="noExplicitConstructor" severity="style" msg="Class &apos;SplashScreenView&apos; has a constructor with 1 argument that is not explicit." verbose="Class &apos;SplashScreenView&apos; has a constructor with 1 argument that is not explicit. Such, so called &quot;Converting constructors&quot;, should in general be explicit for type safety reasons as that prevents unintended implicit conversions." cwe="398" file0="firmware/application/external/enhanced_drone_analyzer/enhanced_drone_analyzer_scanner_main.cpp">
            <location file="firmware\application\ui_navigation.hpp" line="349" column="5"/>
            <symbol>SplashScreenView</symbol>
        </error>
        <error id="noExplicitConstructor" severity="style" msg="Class &apos;ReceiversMenuView&apos; has a constructor with 1 argument that is not explicit." verbose="Class &apos;ReceiversMenuView&apos; has a constructor with 1 argument that is not explicit. Such, so called &quot;Converting constructors&quot;, should in general be explicit for type safety reasons as that prevents unintended implicit conversions." cwe="398" file0="firmware/application/external/enhanced_drone_analyzer/enhanced_drone_analyzer_scanner_main.cpp">
            <location file="firmware\application\ui_navigation.hpp" line="366" column="5"/>
            <symbol>ReceiversMenuView</symbol>
        </error>
        <error id="noExplicitConstructor" severity="style" msg="Class &apos;TransmittersMenuView&apos; has a constructor with 1 argument that is not explicit." verbose="Class &apos;TransmittersMenuView&apos; has a constructor with 1 argument that is not explicit. Such, so called &quot;Converting constructors&quot;, should in general be explicit for type safety reasons as that prevents unintended implicit conversions." cwe="398" file0="firmware/application/external/enhanced_drone_analyzer/enhanced_drone_analyzer_scanner_main.cpp">
            <location file="firmware\application\ui_navigation.hpp" line="376" column="5"/>
            <symbol>TransmittersMenuView</symbol>
        </error>
        <error id="noExplicitConstructor" severity="style" msg="Class &apos;TranceiversMenuView&apos; has a constructor with 1 argument that is not explicit." verbose="Class &apos;TranceiversMenuView&apos; has a constructor with 1 argument that is not explicit. Such, so called &quot;Converting constructors&quot;, should in general be explicit for type safety reasons as that prevents unintended implicit conversions." cwe="398" file0="firmware/application/external/enhanced_drone_analyzer/enhanced_drone_analyzer_scanner_main.cpp">
            <location file="firmware\application\ui_navigation.hpp" line="386" column="5"/>
            <symbol>TranceiversMenuView</symbol>
        </error>
        <error id="noExplicitConstructor" severity="style" msg="Class &apos;UtilitiesMenuView&apos; has a constructor with 1 argument that is not explicit." verbose="Class &apos;UtilitiesMenuView&apos; has a constructor with 1 argument that is not explicit. Such, so called &quot;Converting constructors&quot;, should in general be explicit for type safety reasons as that prevents unintended implicit conversions." cwe="398" file0="firmware/application/external/enhanced_drone_analyzer/enhanced_drone_analyzer_scanner_main.cpp">
            <location file="firmware\application\ui_navigation.hpp" line="396" column="5"/>
            <symbol>UtilitiesMenuView</symbol>
        </error>
        <error id="noExplicitConstructor" severity="style" msg="Class &apos;GamesMenuView&apos; has a constructor with 1 argument that is not explicit." verbose="Class &apos;GamesMenuView&apos; has a constructor with 1 argument that is not explicit. Such, so called &quot;Converting constructors&quot;, should in general be explicit for type safety reasons as that prevents unintended implicit conversions." cwe="398" file0="firmware/application/external/enhanced_drone_analyzer/enhanced_drone_analyzer_scanner_main.cpp">
            <location file="firmware\application\ui_navigation.hpp" line="406" column="5"/>
            <symbol>GamesMenuView</symbol>
        </error>
        <error id="noExplicitConstructor" severity="style" msg="Class &apos;SystemMenuView&apos; has a constructor with 1 argument that is not explicit." verbose="Class &apos;SystemMenuView&apos; has a constructor with 1 argument that is not explicit. Such, so called &quot;Converting constructors&quot;, should in general be explicit for type safety reasons as that prevents unintended implicit conversions." cwe="398" file0="firmware/application/external/enhanced_drone_analyzer/enhanced_drone_analyzer_scanner_main.cpp">
            <location file="firmware\application\ui_navigation.hpp" line="416" column="5"/>
            <symbol>SystemMenuView</symbol>
        </error>
        <error id="noExplicitConstructor" severity="style" msg="Struct &apos;filesystem_error&apos; has a constructor with 1 argument that is not explicit." verbose="Struct &apos;filesystem_error&apos; has a constructor with 1 argument that is not explicit. Such, so called &quot;Converting constructors&quot;, should in general be explicit for type safety reasons as that prevents unintended implicit conversions." cwe="398" file0="firmware/application/external/enhanced_drone_analyzer/enhanced_drone_analyzer_scanner_main.cpp">
            <location file="firmware\application\file.hpp" line="45" column="15"/>
            <symbol>filesystem_error</symbol>
        </error>
        <error id="noExplicitConstructor" severity="style" msg="Struct &apos;filesystem_error&apos; has a constructor with 1 argument that is not explicit." verbose="Struct &apos;filesystem_error&apos; has a constructor with 1 argument that is not explicit. Such, so called &quot;Converting constructors&quot;, should in general be explicit for type safety reasons as that prevents unintended implicit conversions." cwe="398" file0="firmware/application/external/enhanced_drone_analyzer/enhanced_drone_analyzer_scanner_main.cpp">
            <location file="firmware\application\file.hpp" line="50" column="15"/>
            <symbol>filesystem_error</symbol>
        </error>
        <error id="noExplicitConstructor" severity="style" msg="Struct &apos;path&apos; has a constructor with 1 argument that is not explicit." verbose="Struct &apos;path&apos; has a constructor with 1 argument that is not explicit. Such, so called &quot;Converting constructors&quot;, should in general be explicit for type safety reasons as that prevents unintended implicit conversions." cwe="398" file0="firmware/application/external/enhanced_drone_analyzer/enhanced_drone_analyzer_scanner_main.cpp">
            <location file="firmware\application\file.hpp" line="88" column="5"/>
            <symbol>path</symbol>
        </error>
        <error id="noExplicitConstructor" severity="style" msg="Struct &apos;path&apos; has a constructor with 1 argument that is not explicit." verbose="Struct &apos;path&apos; has a constructor with 1 argument that is not explicit. Such, so called &quot;Converting constructors&quot;, should in general be explicit for type safety reasons as that prevents unintended implicit conversions." cwe="398" file0="firmware/application/external/enhanced_drone_analyzer/enhanced_drone_analyzer_scanner_main.cpp">
            <location file="firmware\application\file.hpp" line="98" column="5"/>
            <symbol>path</symbol>
        </error>
        <error id="noExplicitConstructor" severity="style" msg="Struct &apos;path&apos; has a constructor with 1 argument that is not explicit." verbose="Struct &apos;path&apos; has a constructor with 1 argument that is not explicit. Such, so called &quot;Converting constructors&quot;, should in general be explicit for type safety reasons as that prevents unintended implicit conversions." cwe="398" file0="firmware/application/external/enhanced_drone_analyzer/enhanced_drone_analyzer_scanner_main.cpp">
            <location file="firmware\application\file.hpp" line="102" column="5"/>
            <symbol>path</symbol>
        </error>
        <error id="noExplicitConstructor" severity="style" msg="Struct &apos;Samples&apos; has a constructor with 1 argument that is not explicit." verbose="Struct &apos;Samples&apos; has a constructor with 1 argument that is not explicit. Such, so called &quot;Converting constructors&quot;, should in general be explicit for type safety reasons as that prevents unintended implicit conversions." cwe="398" file0="firmware/application/external/enhanced_drone_analyzer/enhanced_drone_analyzer_scanner_main.cpp">
            <location file="firmware\application\touch.hpp" line="49" column="15"/>
            <symbol>Samples</symbol>
        </error>
        <error id="noExplicitConstructor" severity="style" msg="Class &apos;LoadingScreenView&apos; has a constructor with 1 argument that is not explicit." verbose="Class &apos;LoadingScreenView&apos; has a constructor with 1 argument that is not explicit. Such, so called &quot;Converting constructors&quot;, should in general be explicit for type safety reasons as that prevents unintended implicit conversions." cwe="398" file0="firmware/application/external/enhanced_drone_analyzer/enhanced_drone_analyzer_scanner_main.cpp">
            <location file="firmware\application\external\enhanced_drone_analyzer\ui_scanner_combined.hpp" line="681" column="5"/>
            <symbol>LoadingScreenView</symbol>
        </error>
        <error id="noExplicitConstructor" severity="style" msg="Class &apos;RadioState &lt; ReceiverModel , &amp; portapack :: receiver_model &gt;&apos; has a constructor with 1 argument that is not explicit." verbose="Class &apos;RadioState &lt; ReceiverModel , &amp; portapack :: receiver_model &gt;&apos; has a constructor with 1 argument that is not explicit. Such, so called &quot;Converting constructors&quot;, should in general be explicit for type safety reasons as that prevents unintended implicit conversions." cwe="398" file0="firmware/application/external/enhanced_drone_analyzer/enhanced_drone_analyzer_scanner_main.cpp">
            <location file="firmware\application\radio_state.hpp" line="56" column="5"/>
            <symbol>RadioState &lt; ReceiverModel , &amp; portapack :: receiver_model &gt;</symbol>
        </error>
        <error id="noExplicitConstructor" severity="style" msg="Class &apos;BufferWrapper &lt; File , 64 &gt;&apos; has a constructor with 1 argument that is not explicit." verbose="Class &apos;BufferWrapper &lt; File , 64 &gt;&apos; has a constructor with 1 argument that is not explicit. Such, so called &quot;Converting constructors&quot;, should in general be explicit for type safety reasons as that prevents unintended implicit conversions." cwe="398" file0="firmware/application/external/enhanced_drone_analyzer/enhanced_drone_analyzer_scanner_main.cpp">
            <location file="firmware\application\file_wrapper.hpp" line="73" column="5"/>
            <symbol>BufferWrapper &lt; File , 64 &gt;</symbol>
        </error>
        <error id="variableScope" severity="style" msg="The scope of the variable &apos;to_read&apos; can be reduced." verbose="The scope of the variable &apos;to_read&apos; can be reduced. Warning: Be careful when fixing this message, especially when there are inner loops. Here is an example where cppcheck will write that the scope for &apos;i&apos; can be reduced:\012void f(int x)\012{\012    int i = 0;\012    if (x) {\012        // it&apos;s safe to move &apos;int i = 0;&apos; here\012        for (int n = 0; n &lt; 10; ++n) {\012            // it is possible but not safe to move &apos;int i = 0;&apos; here\012            do_something(&amp;i);\012        }\012    }\012}\012When you see this message it is always safe to reduce the variable scope 1 level." cwe="398" file0="firmware/application/external/enhanced_drone_analyzer/enhanced_drone_analyzer_scanner_main.cpp">
            <location file="firmware\application\file_wrapper.hpp" line="408" column="14"/>
            <symbol>to_read</symbol>
        </error>
        <error id="shadowFunction" severity="style" msg="Local variable &apos;file&apos; shadows outer function" verbose="Local variable &apos;file&apos; shadows outer function" cwe="398" file0="firmware/application/external/enhanced_drone_analyzer/enhanced_drone_analyzer_scanner_main.cpp">
            <location file="firmware\application\file_wrapper.hpp" line="519" column="14" info="Shadow variable"/>
            <location file="firmware\application\file_wrapper.hpp" line="513" column="11" info="Shadowed declaration"/>
            <symbol>file</symbol>
        </error>
        <error id="passedByValue" severity="performance" msg="Function parameter &apos;new_value&apos; should be passed by const reference." verbose="Parameter &apos;new_value&apos; is passed by value. It could be passed as a const reference which is usually faster and recommended in C++." cwe="398" file0="firmware/application/external/enhanced_drone_analyzer/enhanced_drone_analyzer_scanner_main.cpp">
            <location file="firmware\application\ui_navigation.hpp" line="199" column="38" info="Function parameter &apos;new_value&apos; should be passed by const reference."/>
            <symbol>new_value</symbol>
        </error>
        <error id="constParameterReference" severity="style" msg="Parameter &apos;entry&apos; can be declared as reference to const" verbose="Parameter &apos;entry&apos; can be declared as reference to const" cwe="398" file0="firmware/application/external/enhanced_drone_analyzer/enhanced_drone_analyzer_scanner_main.cpp">
            <location file="firmware\application\signal.hpp" line="53" column="46" info="Parameter &apos;entry&apos; can be declared as reference to const"/>
            <symbol>entry</symbol>
        </error>
        <error id="unreadVariable" severity="style" msg="Variable &apos;to_read&apos; is assigned a value that is never used." verbose="Variable &apos;to_read&apos; is assigned a value that is never used." cwe="563" file0="firmware/application/external/enhanced_drone_analyzer/enhanced_drone_analyzer_scanner_main.cpp">
            <location file="firmware\application\file_wrapper.hpp" line="408" column="22"/>
            <symbol>to_read</symbol>
        </error>
        <error id="missingIncludeSystem" severity="information" msg="Include file: &lt;cstdint&gt; not found. Please note: Cppcheck does not need standard library headers to get proper results." verbose="Include file: &lt;cstdint&gt; not found. Please note: Cppcheck does not need standard library headers to get proper results.">
            <location file="firmware\application\external\enhanced_drone_analyzer\ui_settings_combined.hpp" line="12" column="0"/>
        </error>
        <error id="missingIncludeSystem" severity="information" msg="Include file: &lt;string&gt; not found. Please note: Cppcheck does not need standard library headers to get proper results." verbose="Include file: &lt;string&gt; not found. Please note: Cppcheck does not need standard library headers to get proper results.">
            <location file="firmware\application\external\enhanced_drone_analyzer\ui_settings_combined.hpp" line="13" column="0"/>
        </error>
        <error id="missingIncludeSystem" severity="information" msg="Include file: &lt;vector&gt; not found. Please note: Cppcheck does not need standard library headers to get proper results." verbose="Include file: &lt;vector&gt; not found. Please note: Cppcheck does not need standard library headers to get proper results.">
            <location file="firmware\application\external\enhanced_drone_analyzer\ui_settings_combined.hpp" line="14" column="0"/>
        </error>
        <error id="missingInclude" severity="information" msg="Include file: &quot;ui.hpp&quot; not found." verbose="Include file: &quot;ui.hpp&quot; not found.">
            <location file="firmware\application\external\enhanced_drone_analyzer\ui_settings_combined.hpp" line="299" column="0"/>
        </error>
        <error id="missingInclude" severity="information" msg="Include file: &quot;ui_tabview.hpp&quot; not found." verbose="Include file: &quot;ui_tabview.hpp&quot; not found.">
            <location file="firmware\application\external\enhanced_drone_analyzer\ui_settings_combined.hpp" line="301" column="0"/>
        </error>
        <error id="missingIncludeSystem" severity="information" msg="Include file: &lt;string&gt; not found. Please note: Cppcheck does not need standard library headers to get proper results." verbose="Include file: &lt;string&gt; not found. Please note: Cppcheck does not need standard library headers to get proper results.">
            <location file="firmware\application\external\enhanced_drone_analyzer\ui_settings_combined.hpp" line="303" column="0"/>
        </error>
        <error id="missingIncludeSystem" severity="information" msg="Include file: &lt;sstream&gt; not found. Please note: Cppcheck does not need standard library headers to get proper results." verbose="Include file: &lt;sstream&gt; not found. Please note: Cppcheck does not need standard library headers to get proper results.">
            <location file="firmware\application\external\enhanced_drone_analyzer\ui_settings_combined.hpp" line="304" column="0"/>
        </error>
        <error id="missingInclude" severity="information" msg="Include file: &quot;ui.hpp&quot; not found." verbose="Include file: &quot;ui.hpp&quot; not found.">
            <location file="firmware\application\external\enhanced_drone_analyzer\ui_settings_combined.hpp" line="444" column="0"/>
        </error>
        <error id="missingInclude" severity="information" msg="Include file: &quot;external_app.hpp&quot; not found." verbose="Include file: &quot;external_app.hpp&quot; not found.">
            <location file="firmware\application\external\enhanced_drone_analyzer\ui_settings_combined.hpp" line="446" column="0"/>
        </error>
        <error id="noExplicitConstructor" severity="style" msg="Class &apos;LoadingView&apos; has a constructor with 1 argument that is not explicit." verbose="Class &apos;LoadingView&apos; has a constructor with 1 argument that is not explicit. Such, so called &quot;Converting constructors&quot;, should in general be explicit for type safety reasons as that prevents unintended implicit conversions." cwe="398" file0="firmware/application/external/enhanced_drone_analyzer/enhanced_drone_analyzer_settings_main.cpp">
            <location file="firmware\application\external\enhanced_drone_analyzer\ui_settings_combined.hpp" line="526" column="5"/>
            <symbol>LoadingView</symbol>
        </error>
        <error id="noExplicitConstructor" severity="style" msg="Class &apos;EnhancedDroneAnalyzerSettingsMain&apos; has a constructor with 1 argument that is not explicit." verbose="Class &apos;EnhancedDroneAnalyzerSettingsMain&apos; has a constructor with 1 argument that is not explicit. Such, so called &quot;Converting constructors&quot;, should in general be explicit for type safety reasons as that prevents unintended implicit conversions." cwe="398" file0="firmware/application/external/enhanced_drone_analyzer/enhanced_drone_analyzer_settings_main.cpp">
            <location file="firmware\application\external\enhanced_drone_analyzer\enhanced_drone_analyzer_settings_main.cpp" line="15" column="5"/>
            <symbol>EnhancedDroneAnalyzerSettingsMain</symbol>
        </error>
        <error id="missingIncludeSystem" severity="information" msg="Include file: &lt;cstdint&gt; not found. Please note: Cppcheck does not need standard library headers to get proper results." verbose="Include file: &lt;cstdint&gt; not found. Please note: Cppcheck does not need standard library headers to get proper results.">
            <location file="firmware\application\external\enhanced_drone_analyzer\ui_drone_audio.hpp" line="7" column="0"/>
        </error>
        <error id="missingInclude" severity="information" msg="Include file: &quot;ui.hpp&quot; not found." verbose="Include file: &quot;ui.hpp&quot; not found.">
            <location file="firmware\application\gradient.hpp" line="25" column="0"/>
        </error>
        <error id="missingIncludeSystem" severity="information" msg="Include file: &lt;array&gt; not found. Please note: Cppcheck does not need standard library headers to get proper results." verbose="Include file: &lt;array&gt; not found. Please note: Cppcheck does not need standard library headers to get proper results.">
            <location file="firmware\application\gradient.hpp" line="28" column="0"/>
        </error>
        <error id="missingIncludeSystem" severity="information" msg="Include file: &lt;cstdint&gt; not found. Please note: Cppcheck does not need standard library headers to get proper results." verbose="Include file: &lt;cstdint&gt; not found. Please note: Cppcheck does not need standard library headers to get proper results.">
            <location file="firmware\application\gradient.hpp" line="29" column="0"/>
        </error>
        <error id="missingIncludeSystem" severity="information" msg="Include file: &lt;algorithm&gt; not found. Please note: Cppcheck does not need standard library headers to get proper results." verbose="Include file: &lt;algorithm&gt; not found. Please note: Cppcheck does not need standard library headers to get proper results.">
            <location file="firmware\application\external\enhanced_drone_analyzer\ui_scanner_combined.cpp" line="8" column="0"/>
        </error>
        <error id="missingIncludeSystem" severity="information" msg="Include file: &lt;sstream&gt; not found. Please note: Cppcheck does not need standard library headers to get proper results." verbose="Include file: &lt;sstream&gt; not found. Please note: Cppcheck does not need standard library headers to get proper results.">
            <location file="firmware\application\external\enhanced_drone_analyzer\ui_scanner_combined.cpp" line="9" column="0"/>
        </error>
        <error id="missingIncludeSystem" severity="information" msg="Include file: &lt;mutex&gt; not found. Please note: Cppcheck does not need standard library headers to get proper results." verbose="Include file: &lt;mutex&gt; not found. Please note: Cppcheck does not need standard library headers to get proper results.">
            <location file="firmware\application\external\enhanced_drone_analyzer\ui_scanner_combined.cpp" line="10" column="0"/>
        </error>
        <error id="normalCheckLevelMaxBranches" severity="information" msg="Limiting analysis of branches. Use --check-level=exhaustive to analyze all branches." verbose="Limiting analysis of branches. Use --check-level=exhaustive to analyze all branches." file0="firmware/application/external/enhanced_drone_analyzer/ui_scanner_combined.cpp">
            <location file="firmware\application\external\enhanced_drone_analyzer\ui_scanner_combined.cpp" line="0" column="0"/>
        </error>
        <error id="uninitMemberVar" severity="warning" msg="Member variable &apos;DroneUIController::audio_mgr_&apos; is not initialized in the constructor." verbose="Member variable &apos;DroneUIController::audio_mgr_&apos; is not initialized in the constructor. Member variables of native types, pointers, or references are left uninitialized when the class is instantiated. That may cause bugs or undefined behavior." cwe="398" file0="firmware/application/external/enhanced_drone_analyzer/ui_scanner_combined.cpp">
            <location file="firmware\application\external\enhanced_drone_analyzer\ui_scanner_combined.cpp" line="1436" column="20"/>
            <symbol>DroneUIController::audio_mgr_</symbol>
        </error>
        <error id="uninitMemberVar" severity="warning" msg="Member variable &apos;DroneUIController::constant_settings_manager_&apos; is not initialized in the constructor." verbose="Member variable &apos;DroneUIController::constant_settings_manager_&apos; is not initialized in the constructor. Member variables of native types, pointers, or references are left uninitialized when the class is instantiated. That may cause bugs or undefined behavior." cwe="398" file0="firmware/application/external/enhanced_drone_analyzer/ui_scanner_combined.cpp">
            <location file="firmware\application\external\enhanced_drone_analyzer\ui_scanner_combined.cpp" line="1436" column="20"/>
            <symbol>DroneUIController::constant_settings_manager_</symbol>
        </error>
        <error id="knownConditionTrueFalse" severity="style" msg="Condition &apos;hardware.tune_to_frequency(target_freq_hz)&apos; is always true" verbose="Condition &apos;hardware.tune_to_frequency(target_freq_hz)&apos; is always true" cwe="571" file0="firmware/application/external/enhanced_drone_analyzer/ui_scanner_combined.cpp">
            <location file="firmware\application\external\enhanced_drone_analyzer\ui_scanner_combined.cpp" line="266" column="43" info="Condition &apos;hardware.tune_to_frequency(target_freq_hz)&apos; is always true"/>
            <location file="firmware\application\external\enhanced_drone_analyzer\ui_scanner_combined.cpp" line="266" column="43" info="Calling function &apos;tune_to_frequency&apos; returns 1"/>
        </error>
        <error id="knownConditionTrueFalse" severity="style" msg="Condition &apos;hardware.tune_to_frequency(current_slice.center_frequency)&apos; is always true" verbose="Condition &apos;hardware.tune_to_frequency(current_slice.center_frequency)&apos; is always true" cwe="571" file0="firmware/application/external/enhanced_drone_analyzer/ui_scanner_combined.cpp">
            <location file="firmware\application\external\enhanced_drone_analyzer\ui_scanner_combined.cpp" line="288" column="35" info="Condition &apos;hardware.tune_to_frequency(current_slice.center_frequency)&apos; is always true"/>
            <location file="firmware\application\external\enhanced_drone_analyzer\ui_scanner_combined.cpp" line="288" column="35" info="Calling function &apos;tune_to_frequency&apos; returns 1"/>
        </error>
        <error id="cstyleCast" severity="style" msg="C-style pointer casting" verbose="C-style pointer casting detected. C++ offers four different kinds of casts as replacements: static_cast, const_cast, dynamic_cast and reinterpret_cast. A C-style cast could evaluate to any of those automatically, thus it is considered safer if the programmer explicitly states which kind of cast is expected." cwe="398" file0="firmware/application/external/enhanced_drone_analyzer/ui_scanner_combined.cpp">
            <location file="firmware\application\external\enhanced_drone_analyzer\ui_scanner_combined.cpp" line="704" column="74"/>
        </error>
        <error id="missingIncludeSystem" severity="information" msg="Include file: &lt;algorithm&gt; not found. Please note: Cppcheck does not need standard library headers to get proper results." verbose="Include file: &lt;algorithm&gt; not found. Please note: Cppcheck does not need standard library headers to get proper results.">
            <location file="firmware\application\external\enhanced_drone_analyzer\ui_settings_combined.cpp" line="5" column="0"/>
        </error>
        <error id="missingIncludeSystem" severity="information" msg="Include file: &lt;sstream&gt; not found. Please note: Cppcheck does not need standard library headers to get proper results." verbose="Include file: &lt;sstream&gt; not found. Please note: Cppcheck does not need standard library headers to get proper results.">
            <location file="firmware\application\external\enhanced_drone_analyzer\ui_settings_combined.cpp" line="6" column="0"/>
        </error>
        <error id="missingIncludeSystem" severity="information" msg="Include file: &lt;fstream&gt; not found. Please note: Cppcheck does not need standard library headers to get proper results." verbose="Include file: &lt;fstream&gt; not found. Please note: Cppcheck does not need standard library headers to get proper results.">
            <location file="firmware\application\external\enhanced_drone_analyzer\ui_settings_combined.cpp" line="7" column="0"/>
        </error>
        <error id="normalCheckLevelMaxBranches" severity="information" msg="Limiting analysis of branches. Use --check-level=exhaustive to analyze all branches." verbose="Limiting analysis of branches. Use --check-level=exhaustive to analyze all branches." file0="firmware/application/external/enhanced_drone_analyzer/ui_settings_combined.cpp">
            <location file="firmware\application\external\enhanced_drone_analyzer\ui_settings_combined.cpp" line="0" column="0"/>
        </error>
        <error id="noConstructor" severity="style" msg="The class &apos;PresetMenuView&apos; does not declare a constructor although it has private member variables which likely require initialization." verbose="The class &apos;PresetMenuView&apos; does not declare a constructor although it has private member variables which likely require initialization. Member variables of native types, pointers, or references are left uninitialized when the class is instantiated. That may cause bugs or undefined behavior." cwe="398" file0="firmware/application/external/enhanced_drone_analyzer/ui_settings_combined.cpp">
            <location file="firmware\application\external\enhanced_drone_analyzer\ui_settings_combined.cpp" line="330" column="5"/>
            <symbol>PresetMenuView</symbol>
        </error>
        <error id="noConstructor" severity="style" msg="The class &apos;FilteredPresetMenuView&apos; does not declare a constructor although it has private member variables which likely require initialization." verbose="The class &apos;FilteredPresetMenuView&apos; does not declare a constructor although it has private member variables which likely require initialization. Member variables of native types, pointers, or references are left uninitialized when the class is instantiated. That may cause bugs or undefined behavior." cwe="398" file0="firmware/application/external/enhanced_drone_analyzer/ui_settings_combined.cpp">
            <location file="firmware\application\external\enhanced_drone_analyzer\ui_settings_combined.cpp" line="369" column="5"/>
            <symbol>FilteredPresetMenuView</symbol>
        </error>
        <error id="knownConditionTrueFalse" severity="style" msg="Condition &apos;freq_hz&gt;=5200000000ULL&apos; is always false" verbose="Condition &apos;freq_hz&gt;=5200000000ULL&apos; is always false" cwe="570" file0="firmware/application/external/enhanced_drone_analyzer/ui_settings_combined.cpp">
            <location file="firmware\application\external\enhanced_drone_analyzer\ui_settings_combined.cpp" line="433" column="28" info="Condition &apos;freq_hz&gt;=5200000000ULL&apos; is always false"/>
            <location file="firmware\application\external\enhanced_drone_analyzer\ui_settings_combined.cpp" line="430" column="45" info="Assuming that condition &apos;freq_hz&lt;=2500000000ULL&apos; is not redundant"/>
        </error>
        <error id="passedByValueCallback" severity="performance" msg="Function parameter &apos;config&apos; should be passed by const reference. However it seems that &apos;ScannerConfig&apos; is a callback function." verbose="Parameter &apos;config&apos; is passed by value. It could be passed as a const reference which is usually faster and recommended in C++." cwe="398" file0="firmware/application/external/enhanced_drone_analyzer/ui_settings_combined.cpp">
            <location file="firmware\application\external\enhanced_drone_analyzer\ui_settings_combined.cpp" line="194" column="41" info="Function parameter &apos;config&apos; should be passed by const reference. However it seems that &apos;ScannerConfig&apos; is a callback function."/>
            <location file="firmware\application\external\enhanced_drone_analyzer\ui_settings_combined.hpp" line="218" column="7" info="Function pointer used here."/>
            <symbol>config</symbol>
        </error>
        <error id="constParameterReference" severity="style" msg="Parameter &apos;config&apos; can be declared as reference to const" verbose="Parameter &apos;config&apos; can be declared as reference to const" cwe="398" file0="firmware/application/external/enhanced_drone_analyzer/ui_settings_combined.cpp">
            <location file="firmware\application\external\enhanced_drone_analyzer\ui_settings_combined.cpp" line="318" column="57" info="Parameter &apos;config&apos; can be declared as reference to const"/>
            <symbol>config</symbol>
        </error>
        <error id="useStlAlgorithm" severity="style" msg="Consider using std::transform algorithm instead of a raw loop." verbose="Consider using std::transform algorithm instead of a raw loop." cwe="398" file0="firmware/application/external/enhanced_drone_analyzer/ui_settings_combined.cpp">
            <location file="firmware\application\external\enhanced_drone_analyzer\ui_settings_combined.cpp" line="366" column="15"/>
        </error>
        <error id="ctuOneDefinitionRuleViolation" severity="error" msg="The one definition rule is violated, different classes/structs have the same name &apos;freqman_entry&apos;" verbose="The one definition rule is violated, different classes/structs have the same name &apos;freqman_entry&apos;" cwe="758" file0="firmware/application/external/enhanced_drone_analyzer/enhanced_drone_analyzer_settings_main.cpp">
            <location file="firmware\application\freqman_db.hpp" line="140" column="1"/>
            <location file="firmware\application\external\enhanced_drone_analyzer\ui_settings_combined.hpp" line="98" column="23"/>
            <symbol>freqman_entry</symbol>
        </error>
        <error id="unusedFunction" severity="style" msg="The function &apos;name&apos; is never used." verbose="The function &apos;name&apos; is never used." cwe="561">
            <location file="firmware\application\app_settings.hpp" line="76" column="0"/>
            <symbol>name</symbol>
        </error>
        <error id="unusedFunction" severity="style" msg="The function &apos;as&apos; is never used." verbose="The function &apos;as&apos; is never used." cwe="561">
            <location file="firmware\application\app_settings.hpp" line="82" column="0"/>
            <symbol>as</symbol>
        </error>
        <error id="unusedFunction" severity="style" msg="The function &apos;loaded&apos; is never used." verbose="The function &apos;loaded&apos; is never used." cwe="561">
            <location file="firmware\application\app_settings.hpp" line="172" column="0"/>
            <symbol>loaded</symbol>
        </error>
        <error id="unusedFunction" severity="style" msg="The function &apos;mode&apos; is never used." verbose="The function &apos;mode&apos; is never used." cwe="561">
            <location file="firmware\application\app_settings.hpp" line="174" column="0"/>
            <symbol>mode</symbol>
        </error>
        <error id="unusedFunction" severity="style" msg="The function &apos;raw&apos; is never used." verbose="The function &apos;raw&apos; is never used." cwe="561">
            <location file="firmware\application\app_settings.hpp" line="176" column="0"/>
            <symbol>raw</symbol>
        </error>
        <error id="unusedFunction" severity="style" msg="The function &apos;get_session_summary&apos; is never used." verbose="The function &apos;get_session_summary&apos; is never used." cwe="561">
            <location file="firmware\application\external\enhanced_drone_analyzer\ui_scanner_combined.cpp" line="570" column="0"/>
            <symbol>get_session_summary</symbol>
        </error>
        <error id="unusedFunction" severity="style" msg="The function &apos;get_configured_sampling_rate&apos; is never used." verbose="The function &apos;get_configured_sampling_rate&apos; is never used." cwe="561">
            <location file="firmware\application\external\enhanced_drone_analyzer\ui_scanner_combined.cpp" line="766" column="0"/>
            <symbol>get_configured_sampling_rate</symbol>
        </error>
        <error id="unusedFunction" severity="style" msg="The function &apos;get_configured_bandwidth&apos; is never used." verbose="The function &apos;get_configured_bandwidth&apos; is never used." cwe="561">
            <location file="firmware\application\external\enhanced_drone_analyzer\ui_scanner_combined.cpp" line="770" column="0"/>
            <symbol>get_configured_bandwidth</symbol>
        </error>
        <error id="unusedFunction" severity="style" msg="The function &apos;set_max_threat&apos; is never used." verbose="The function &apos;set_max_threat&apos; is never used." cwe="561">
            <location file="firmware\application\external\enhanced_drone_analyzer\ui_scanner_combined.cpp" line="835" column="0"/>
            <symbol>set_max_threat</symbol>
        </error>
        <error id="unusedFunction" severity="style" msg="The function &apos;set_movement_counts&apos; is never used." verbose="The function &apos;set_movement_counts&apos; is never used." cwe="561">
            <location file="firmware\application\external\enhanced_drone_analyzer\ui_scanner_combined.cpp" line="842" column="0"/>
            <symbol>set_movement_counts</symbol>
        </error>
        <error id="unusedFunction" severity="style" msg="The function &apos;set_current_frequency&apos; is never used." verbose="The function &apos;set_current_frequency&apos; is never used." cwe="561">
            <location file="firmware\application\external\enhanced_drone_analyzer\ui_scanner_combined.cpp" line="847" column="0"/>
            <symbol>set_current_frequency</symbol>
        </error>
        <error id="unusedFunction" severity="style" msg="The function &apos;set_scanning_state&apos; is never used." verbose="The function &apos;set_scanning_state&apos; is never used." cwe="561">
            <location file="firmware\application\external\enhanced_drone_analyzer\ui_scanner_combined.cpp" line="854" column="0"/>
            <symbol>set_scanning_state</symbol>
        </error>
        <error id="unusedFunction" severity="style" msg="The function &apos;set_color_scheme&apos; is never used." verbose="The function &apos;set_color_scheme&apos; is never used." cwe="561">
            <location file="firmware\application\external\enhanced_drone_analyzer\ui_scanner_combined.cpp" line="861" column="0"/>
            <symbol>set_color_scheme</symbol>
        </error>
        <error id="unusedFunction" severity="style" msg="The function &apos;add_detected_drone&apos; is never used." verbose="The function &apos;add_detected_drone&apos; is never used." cwe="561">
            <location file="firmware\application\external\enhanced_drone_analyzer\ui_scanner_combined.cpp" line="1180" column="0"/>
            <symbol>add_detected_drone</symbol>
        </error>
        <error id="unusedFunction" severity="style" msg="The function &apos;get_safe_spectrum_index&apos; is never used." verbose="The function &apos;get_safe_spectrum_index&apos; is never used." cwe="561">
            <location file="firmware\application\external\enhanced_drone_analyzer\ui_scanner_combined.cpp" line="1404" column="0"/>
            <symbol>get_safe_spectrum_index</symbol>
        </error>
        <error id="unusedFunction" severity="style" msg="The function &apos;on_toggle_mode&apos; is never used." verbose="The function &apos;on_toggle_mode&apos; is never used." cwe="561">
            <location file="firmware\application\external\enhanced_drone_analyzer\ui_scanner_combined.cpp" line="1465" column="0"/>
            <symbol>on_toggle_mode</symbol>
        </error>
        <error id="unusedFunction" severity="style" msg="The function &apos;start_scanning_thread&apos; is never used." verbose="The function &apos;start_scanning_thread&apos; is never used." cwe="561">
            <location file="firmware\application\external\enhanced_drone_analyzer\ui_scanner_combined.cpp" line="1950" column="0"/>
            <symbol>start_scanning_thread</symbol>
        </error>
        <error id="unusedFunction" severity="style" msg="The function &apos;show_session_summary&apos; is never used." verbose="The function &apos;show_session_summary&apos; is never used." cwe="561">
            <location file="firmware\application\external\enhanced_drone_analyzer\ui_scanner_combined.cpp" line="2157" column="0"/>
            <symbol>show_session_summary</symbol>
        </error>
        <error id="unusedFunction" severity="style" msg="The function &apos;get_data&apos; is never used." verbose="The function &apos;get_data&apos; is never used." cwe="561">
            <location file="firmware\application\external\enhanced_drone_analyzer\ui_scanner_combined.hpp" line="176" column="0"/>
            <symbol>get_data</symbol>
        </error>
        <error id="unusedFunction" severity="style" msg="The function &apos;big_display&apos; is never used." verbose="The function &apos;big_display&apos; is never used." cwe="561">
            <location file="firmware\application\external\enhanced_drone_analyzer\ui_scanner_combined.hpp" line="513" column="0"/>
            <symbol>big_display</symbol>
        </error>
        <error id="unusedFunction" severity="style" msg="The function &apos;scanning_progress&apos; is never used." verbose="The function &apos;scanning_progress&apos; is never used." cwe="561">
            <location file="firmware\application\external\enhanced_drone_analyzer\ui_scanner_combined.hpp" line="514" column="0"/>
            <symbol>scanning_progress</symbol>
        </error>
        <error id="unusedFunction" severity="style" msg="The function &apos;text_threat_summary&apos; is never used." verbose="The function &apos;text_threat_summary&apos; is never used." cwe="561">
            <location file="firmware\application\external\enhanced_drone_analyzer\ui_scanner_combined.hpp" line="515" column="0"/>
            <symbol>text_threat_summary</symbol>
        </error>
        <error id="unusedFunction" severity="style" msg="The function &apos;text_status_info&apos; is never used." verbose="The function &apos;text_status_info&apos; is never used." cwe="561">
            <location file="firmware\application\external\enhanced_drone_analyzer\ui_scanner_combined.hpp" line="516" column="0"/>
            <symbol>text_status_info</symbol>
        </error>
        <error id="unusedFunction" severity="style" msg="The function &apos;text_scanner_stats&apos; is never used." verbose="The function &apos;text_scanner_stats&apos; is never used." cwe="561">
            <location file="firmware\application\external\enhanced_drone_analyzer\ui_scanner_combined.hpp" line="517" column="0"/>
            <symbol>text_scanner_stats</symbol>
        </error>
        <error id="unusedFunction" severity="style" msg="The function &apos;text_trends_compact&apos; is never used." verbose="The function &apos;text_trends_compact&apos; is never used." cwe="561">
            <location file="firmware\application\external\enhanced_drone_analyzer\ui_scanner_combined.hpp" line="518" column="0"/>
            <symbol>text_trends_compact</symbol>
        </error>
        <error id="unusedFunction" severity="style" msg="The function &apos;text_drone_1&apos; is never used." verbose="The function &apos;text_drone_1&apos; is never used." cwe="561">
            <location file="firmware\application\external\enhanced_drone_analyzer\ui_scanner_combined.hpp" line="519" column="0"/>
            <symbol>text_drone_1</symbol>
        </error>
        <error id="unusedFunction" severity="style" msg="The function &apos;text_drone_2&apos; is never used." verbose="The function &apos;text_drone_2&apos; is never used." cwe="561">
            <location file="firmware\application\external\enhanced_drone_analyzer\ui_scanner_combined.hpp" line="520" column="0"/>
            <symbol>text_drone_2</symbol>
        </error>
        <error id="unusedFunction" severity="style" msg="The function &apos;text_drone_3&apos; is never used." verbose="The function &apos;text_drone_3&apos; is never used." cwe="561">
            <location file="firmware\application\external\enhanced_drone_analyzer\ui_scanner_combined.hpp" line="521" column="0"/>
            <symbol>text_drone_3</symbol>
        </error>
        <error id="unusedFunction" severity="style" msg="The function &apos;get_settings_manager&apos; is never used." verbose="The function &apos;get_settings_manager&apos; is never used." cwe="561">
            <location file="firmware\application\external\enhanced_drone_analyzer\ui_settings_combined.cpp" line="27" column="0"/>
            <symbol>get_settings_manager</symbol>
        </error>
        <error id="unusedFunction" severity="style" msg="The function &apos;serialize&apos; is never used." verbose="The function &apos;serialize&apos; is never used." cwe="561">
            <location file="firmware\application\external\enhanced_drone_analyzer\ui_settings_combined.cpp" line="136" column="0"/>
            <symbol>serialize</symbol>
        </error>
        <error id="unusedFunction" severity="style" msg="The function &apos;deserialize&apos; is never used." verbose="The function &apos;deserialize&apos; is never used." cwe="561">
            <location file="firmware\application\external\enhanced_drone_analyzer\ui_settings_combined.cpp" line="154" column="0"/>
            <symbol>deserialize</symbol>
        </error>
        <error id="unusedFunction" severity="style" msg="The function &apos;get_translation&apos; is never used." verbose="The function &apos;get_translation&apos; is never used." cwe="561">
            <location file="firmware\application\external\enhanced_drone_analyzer\ui_settings_combined.cpp" line="188" column="0"/>
            <symbol>get_translation</symbol>
        </error>
        <error id="unusedFunction" severity="style" msg="The function &apos;load_from_file&apos; is never used." verbose="The function &apos;load_from_file&apos; is never used." cwe="561">
            <location file="firmware\application\external\enhanced_drone_analyzer\ui_settings_combined.cpp" line="198" column="0"/>
            <symbol>load_from_file</symbol>
        </error>
        <error id="unusedFunction" severity="style" msg="The function &apos;save_to_file&apos; is never used." verbose="The function &apos;save_to_file&apos; is never used." cwe="561">
            <location file="firmware\application\external\enhanced_drone_analyzer\ui_settings_combined.cpp" line="225" column="0"/>
            <symbol>save_to_file</symbol>
        </error>
        <error id="unusedFunction" severity="style" msg="The function &apos;set_frequency_range&apos; is never used." verbose="The function &apos;set_frequency_range&apos; is never used." cwe="561">
            <location file="firmware\application\external\enhanced_drone_analyzer\ui_settings_combined.cpp" line="246" column="0"/>
            <symbol>set_frequency_range</symbol>
        </error>
        <error id="unusedFunction" severity="style" msg="The function &apos;set_rssi_threshold&apos; is never used." verbose="The function &apos;set_rssi_threshold&apos; is never used." cwe="561">
            <location file="firmware\application\external\enhanced_drone_analyzer\ui_settings_combined.cpp" line="251" column="0"/>
            <symbol>set_rssi_threshold</symbol>
        </error>
        <error id="unusedFunction" severity="style" msg="The function &apos;set_scan_interval&apos; is never used." verbose="The function &apos;set_scan_interval&apos; is never used." cwe="561">
            <location file="firmware\application\external\enhanced_drone_analyzer\ui_settings_combined.cpp" line="255" column="0"/>
            <symbol>set_scan_interval</symbol>
        </error>
        <error id="unusedFunction" severity="style" msg="The function &apos;set_audio_alerts&apos; is never used." verbose="The function &apos;set_audio_alerts&apos; is never used." cwe="561">
            <location file="firmware\application\external\enhanced_drone_analyzer\ui_settings_combined.cpp" line="259" column="0"/>
            <symbol>set_audio_alerts</symbol>
        </error>
        <error id="unusedFunction" severity="style" msg="The function &apos;set_freqman_path&apos; is never used." verbose="The function &apos;set_freqman_path&apos; is never used." cwe="561">
            <location file="firmware\application\external\enhanced_drone_analyzer\ui_settings_combined.cpp" line="263" column="0"/>
            <symbol>set_freqman_path</symbol>
        </error>
        <error id="unusedFunction" severity="style" msg="The function &apos;get_available_types&apos; is never used." verbose="The function &apos;get_available_types&apos; is never used." cwe="561">
            <location file="firmware\application\external\enhanced_drone_analyzer\ui_settings_combined.cpp" line="292" column="0"/>
            <symbol>get_available_types</symbol>
        </error>
        <error id="unusedFunction" severity="style" msg="The function &apos;get_type_display_name&apos; is never used." verbose="The function &apos;get_type_display_name&apos; is never used." cwe="561">
            <location file="firmware\application\external\enhanced_drone_analyzer\ui_settings_combined.cpp" line="298" column="0"/>
            <symbol>get_type_display_name</symbol>
        </error>
        <error id="unusedFunction" severity="style" msg="The function &apos;show_type_filtered_presets&apos; is never used." verbose="The function &apos;show_type_filtered_presets&apos; is never used." cwe="561">
            <location file="firmware\application\external\enhanced_drone_analyzer\ui_settings_combined.cpp" line="362" column="0"/>
            <symbol>show_type_filtered_presets</symbol>
        </error>
        <error id="unusedFunction" severity="style" msg="The function &apos;create_config_updater&apos; is never used." verbose="The function &apos;create_config_updater&apos; is never used." cwe="561">
            <location file="firmware\application\external\enhanced_drone_analyzer\ui_settings_combined.cpp" line="401" column="0"/>
            <symbol>create_config_updater</symbol>
        </error>
        <error id="unusedFunction" severity="style" msg="The function &apos;identify_drone_type&apos; is never used." verbose="The function &apos;identify_drone_type&apos; is never used." cwe="561">
            <location file="firmware\application\external\enhanced_drone_analyzer\ui_settings_combined.cpp" line="426" column="0"/>
            <symbol>identify_drone_type</symbol>
        </error>
        <error id="unusedFunction" severity="style" msg="The function &apos;validate_drone_detection&apos; is never used." verbose="The function &apos;validate_drone_detection&apos; is never used." cwe="561">
            <location file="firmware\application\external\enhanced_drone_analyzer\ui_settings_combined.cpp" line="442" column="0"/>
            <symbol>validate_drone_detection</symbol>
        </error>
        <error id="unusedFunction" severity="style" msg="The function &apos;update_ui_from_settings&apos; is never used." verbose="The function &apos;update_ui_from_settings&apos; is never used." cwe="561">
            <location file="firmware\application\external\enhanced_drone_analyzer\ui_settings_combined.cpp" line="521" column="0"/>
            <symbol>update_ui_from_settings</symbol>
        </error>
        <error id="unusedFunction" severity="style" msg="The function &apos;update_settings_from_ui&apos; is never used." verbose="The function &apos;update_settings_from_ui&apos; is never used." cwe="561">
            <location file="firmware\application\external\enhanced_drone_analyzer\ui_settings_combined.cpp" line="525" column="0"/>
            <symbol>update_settings_from_ui</symbol>
        </error>
        <error id="unusedFunction" severity="style" msg="The function &apos;get_language&apos; is never used." verbose="The function &apos;get_language&apos; is never used." cwe="561">
            <location file="firmware\application\external\enhanced_drone_analyzer\ui_settings_combined.hpp" line="197" column="0"/>
            <symbol>get_language</symbol>
        </error>
        <error id="unusedFunction" severity="style" msg="The function &apos;code&apos; is never used." verbose="The function &apos;code&apos; is never used." cwe="561">
            <location file="firmware\application\file.hpp" line="55" column="0"/>
            <symbol>code</symbol>
        </error>
        <error id="unusedFunction" severity="style" msg="The function &apos;ok&apos; is never used." verbose="The function &apos;ok&apos; is never used." cwe="561">
            <location file="firmware\application\file.hpp" line="61" column="0"/>
            <symbol>ok</symbol>
        </error>
        <error id="unusedFunction" severity="style" msg="The function &apos;tchar&apos; is never used." verbose="The function &apos;tchar&apos; is never used." cwe="561">
            <location file="firmware\application\file.hpp" line="129" column="0"/>
            <symbol>tchar</symbol>
        </error>
        <error id="unusedFunction" severity="style" msg="The function &apos;scan_root_files&apos; is never used." verbose="The function &apos;scan_root_files&apos; is never used." cwe="561">
            <location file="firmware\application\file.hpp" line="281" column="0"/>
            <symbol>scan_root_files</symbol>
        </error>
        <error id="unusedFunction" severity="style" msg="The function &apos;line_count&apos; is never used." verbose="The function &apos;line_count&apos; is never used." cwe="561">
            <location file="firmware\application\file_wrapper.hpp" line="118" column="0"/>
            <symbol>line_count</symbol>
        </error>
        <error id="unusedFunction" severity="style" msg="The function &apos;line_length&apos; is never used." verbose="The function &apos;line_length&apos; is never used." cwe="561">
            <location file="firmware\application\file_wrapper.hpp" line="135" column="0"/>
            <symbol>line_length</symbol>
        </error>
        <error id="unusedFunction" severity="style" msg="The function &apos;get_offset&apos; is never used." verbose="The function &apos;get_offset&apos; is never used." cwe="561">
            <location file="firmware\application\file_wrapper.hpp" line="141" column="0"/>
            <symbol>get_offset</symbol>
        </error>
        <error id="unusedFunction" severity="style" msg="The function &apos;start_line&apos; is never used." verbose="The function &apos;start_line&apos; is never used." cwe="561">
            <location file="firmware\application\file_wrapper.hpp" line="152" column="0"/>
            <symbol>start_line</symbol>
        </error>
        <error id="unusedFunction" severity="style" msg="The function &apos;insert_line&apos; is never used." verbose="The function &apos;insert_line&apos; is never used." cwe="561">
            <location file="firmware\application\file_wrapper.hpp" line="156" column="0"/>
            <symbol>insert_line</symbol>
        </error>
        <error id="unusedFunction" severity="style" msg="The function &apos;delete_line&apos; is never used." verbose="The function &apos;delete_line&apos; is never used." cwe="561">
            <location file="firmware\application\file_wrapper.hpp" line="166" column="0"/>
            <symbol>delete_line</symbol>
        </error>
        <error id="unusedFunction" severity="style" msg="The function &apos;file&apos; is never used." verbose="The function &apos;file&apos; is never used." cwe="561">
            <location file="firmware\application\file_wrapper.hpp" line="513" column="0"/>
            <symbol>file</symbol>
        </error>
        <error id="unusedFunction" severity="style" msg="The function &apos;assume_file&apos; is never used." verbose="The function &apos;assume_file&apos; is never used." cwe="561">
            <location file="firmware\application\file_wrapper.hpp" line="518" column="0"/>
            <symbol>assume_file</symbol>
        </error>
        <error id="unusedFunction" severity="style" msg="The function &apos;wrap_buffer&apos; is never used." verbose="The function &apos;wrap_buffer&apos; is never used." cwe="561">
            <location file="firmware\application\file_wrapper.hpp" line="539" column="0"/>
            <symbol>wrap_buffer</symbol>
        </error>
        <error id="unusedFunction" severity="style" msg="The function &apos;is_invalid&apos; is never used." verbose="The function &apos;is_invalid&apos; is never used." cwe="561">
            <location file="firmware\application\freqman_db.hpp" line="50" column="0"/>
            <symbol>is_invalid</symbol>
        </error>
        <error id="unusedFunction" severity="style" msg="The function &apos;index&apos; is never used." verbose="The function &apos;index&apos; is never used." cwe="561">
            <location file="firmware\application\freqman_db.hpp" line="229" column="0"/>
            <symbol>index</symbol>
        </error>
        <error id="unusedFunction" severity="style" msg="The function &apos;find_entry&apos; is never used." verbose="The function &apos;find_entry&apos; is never used." cwe="561">
            <location file="firmware\application\freqman_db.hpp" line="252" column="0"/>
            <symbol>find_entry</symbol>
        </error>
        <error id="unusedFunction" severity="style" msg="The function &apos;set_read_raw&apos; is never used." verbose="The function &apos;set_read_raw&apos; is never used." cwe="561">
            <location file="firmware\application\freqman_db.hpp" line="271" column="0"/>
            <symbol>set_read_raw</symbol>
        </error>
        <error id="unusedFunction" severity="style" msg="The function &apos;emit&apos; is never used." verbose="The function &apos;emit&apos; is never used." cwe="561">
            <location file="firmware\application\signal.hpp" line="59" column="0"/>
            <symbol>emit</symbol>
        </error>
        <error id="unusedFunction" severity="style" msg="The function &apos;feed&apos; is never used." verbose="The function &apos;feed&apos; is never used." cwe="561">
            <location file="firmware\application\touch.hpp" line="161" column="0"/>
            <symbol>feed</symbol>
        </error>
        <error id="unusedFunction" severity="style" msg="The function &apos;point_stable&apos; is never used." verbose="The function &apos;point_stable&apos; is never used." cwe="561">
            <location file="firmware\application\touch.hpp" line="222" column="0"/>
            <symbol>point_stable</symbol>
        </error>
        <error id="unusedFunction" severity="style" msg="The function &apos;touch_started&apos; is never used." verbose="The function &apos;touch_started&apos; is never used." cwe="561">
            <location file="firmware\application\touch.hpp" line="228" column="0"/>
            <symbol>touch_started</symbol>
        </error>
        <error id="unusedFunction" severity="style" msg="The function &apos;touch_moved&apos; is never used." verbose="The function &apos;touch_moved&apos; is never used." cwe="561">
            <location file="firmware\application\touch.hpp" line="232" column="0"/>
            <symbol>touch_moved</symbol>
        </error>
        <error id="unusedFunction" severity="style" msg="The function &apos;touch_ended&apos; is never used." verbose="The function &apos;touch_ended&apos; is never used." cwe="561">
            <location file="firmware\application\touch.hpp" line="236" column="0"/>
            <symbol>touch_ended</symbol>
        </error>
        <error id="unusedFunction" severity="style" msg="The function &apos;replace&apos; is never used." verbose="The function &apos;replace&apos; is never used." cwe="561">
            <location file="firmware\application\ui_navigation.hpp" line="115" column="0"/>
            <symbol>replace</symbol>
        </error>
        <error id="unusedFunction" severity="style" msg="The function &apos;setEventDispatcher&apos; is never used." verbose="The function &apos;setEventDispatcher&apos; is never used." cwe="561">
            <location file="firmware\application\usb_serial.hpp" line="39" column="0"/>
            <symbol>setEventDispatcher</symbol>
        </error>
        <error id="unusedFunction" severity="style" msg="The function &apos;serial_connected&apos; is never used." verbose="The function &apos;serial_connected&apos; is never used." cwe="561">
            <location file="firmware\application\usb_serial.hpp" line="41" column="0"/>
            <symbol>serial_connected</symbol>
        </error>
        <error id="checkersReport" severity="information" msg="Active checkers: 167/856 (use --checkers-report=&lt;filename&gt; to see details)" verbose="Active checkers: 167/856 (use --checkers-report=&lt;filename&gt; to see details)"/>
    </errors>
</results>
